The MPI test test_mpi for C in mode normal failed to compile with the following output:
Change Dir: /home/jiaweid3/sortproject/CMakeFiles/CMakeTmp

Run Build Command(s):/usr/bin/gmake cmTC_9ea25/fast && /usr/bin/gmake  -f CMakeFiles/cmTC_9ea25.dir/build.make CMakeFiles/cmTC_9ea25.dir/build
gmake[1]: Entering directory `/home/jiaweid3/sortproject/CMakeFiles/CMakeTmp'
Building C object CMakeFiles/cmTC_9ea25.dir/test_mpi.c.o
/usr/local/gcc/7.2.0/bin/gcc   -fopenmp  -o CMakeFiles/cmTC_9ea25.dir/test_mpi.c.o -c /usr/local/cmake/3.18.4/share/cmake-3.18/Modules/FindMPI/test_mpi.c
/usr/local/cmake/3.18.4/share/cmake-3.18/Modules/FindMPI/test_mpi.c:1:10: fatal error: mpi.h: No such file or directory
 #include <mpi.h>
          ^~~~~~~
compilation terminated.
gmake[1]: *** [CMakeFiles/cmTC_9ea25.dir/test_mpi.c.o] Error 1
gmake[1]: Leaving directory `/home/jiaweid3/sortproject/CMakeFiles/CMakeTmp'
gmake: *** [cmTC_9ea25/fast] Error 2



The MPI test test_mpi for CXX in mode normal failed to compile with the following output:
Change Dir: /home/jiaweid3/sortproject/CMakeFiles/CMakeTmp

Run Build Command(s):/usr/bin/gmake cmTC_535ca/fast && /usr/bin/gmake  -f CMakeFiles/cmTC_535ca.dir/build.make CMakeFiles/cmTC_535ca.dir/build
gmake[1]: Entering directory `/home/jiaweid3/sortproject/CMakeFiles/CMakeTmp'
Building CXX object CMakeFiles/cmTC_535ca.dir/test_mpi.cpp.o
/usr/local/gcc/7.2.0/bin/c++   -O3 -fopenmp  -o CMakeFiles/cmTC_535ca.dir/test_mpi.cpp.o -c /home/jiaweid3/sortproject/CMakeFiles/FindMPI/test_mpi.cpp
/home/jiaweid3/sortproject/CMakeFiles/FindMPI/test_mpi.cpp:1:10: fatal error: mpi.h: No such file or directory
 #include <mpi.h>
          ^~~~~~~
compilation terminated.
gmake[1]: *** [CMakeFiles/cmTC_535ca.dir/test_mpi.cpp.o] Error 1
gmake[1]: Leaving directory `/home/jiaweid3/sortproject/CMakeFiles/CMakeTmp'
gmake: *** [cmTC_535ca/fast] Error 2



