The MPI test test_mpi for C in mode normal failed to compile with the following output:
Change Dir: /home/jiaweid3/sortproject/build/CMakeFiles/CMakeTmp

Run Build Command(s):/usr/bin/gmake cmTC_c30c6/fast && /usr/bin/gmake  -f CMakeFiles/cmTC_c30c6.dir/build.make CMakeFiles/cmTC_c30c6.dir/build
gmake[1]: Entering directory `/home/jiaweid3/sortproject/build/CMakeFiles/CMakeTmp'
Building C object CMakeFiles/cmTC_c30c6.dir/test_mpi.c.o
/usr/local/gcc/7.2.0/bin/gcc   -fopenmp  -o CMakeFiles/cmTC_c30c6.dir/test_mpi.c.o -c /usr/local/cmake/3.18.4/share/cmake-3.18/Modules/FindMPI/test_mpi.c
/usr/local/cmake/3.18.4/share/cmake-3.18/Modules/FindMPI/test_mpi.c:1:10: fatal error: mpi.h: No such file or directory
 #include <mpi.h>
          ^~~~~~~
compilation terminated.
gmake[1]: *** [CMakeFiles/cmTC_c30c6.dir/test_mpi.c.o] Error 1
gmake[1]: Leaving directory `/home/jiaweid3/sortproject/build/CMakeFiles/CMakeTmp'
gmake: *** [cmTC_c30c6/fast] Error 2



The MPI test test_mpi for CXX in mode normal failed to compile with the following output:
Change Dir: /home/jiaweid3/sortproject/build/CMakeFiles/CMakeTmp

Run Build Command(s):/usr/bin/gmake cmTC_44c14/fast && /usr/bin/gmake  -f CMakeFiles/cmTC_44c14.dir/build.make CMakeFiles/cmTC_44c14.dir/build
gmake[1]: Entering directory `/home/jiaweid3/sortproject/build/CMakeFiles/CMakeTmp'
Building CXX object CMakeFiles/cmTC_44c14.dir/test_mpi.cpp.o
/usr/local/gcc/7.2.0/bin/c++   -O3 -fopenmp  -o CMakeFiles/cmTC_44c14.dir/test_mpi.cpp.o -c /home/jiaweid3/sortproject/build/CMakeFiles/FindMPI/test_mpi.cpp
/home/jiaweid3/sortproject/build/CMakeFiles/FindMPI/test_mpi.cpp:1:10: fatal error: mpi.h: No such file or directory
 #include <mpi.h>
          ^~~~~~~
compilation terminated.
gmake[1]: *** [CMakeFiles/cmTC_44c14.dir/test_mpi.cpp.o] Error 1
gmake[1]: Leaving directory `/home/jiaweid3/sortproject/build/CMakeFiles/CMakeTmp'
gmake: *** [cmTC_44c14/fast] Error 2



The MPI test test_mpi for C in mode normal failed to compile with the following output:
Change Dir: /home/jiaweid3/sortproject/build/CMakeFiles/CMakeTmp

Run Build Command(s):/usr/bin/gmake cmTC_8d415/fast && /usr/bin/gmake  -f CMakeFiles/cmTC_8d415.dir/build.make CMakeFiles/cmTC_8d415.dir/build
gmake[1]: Entering directory `/home/jiaweid3/sortproject/build/CMakeFiles/CMakeTmp'
Building C object CMakeFiles/cmTC_8d415.dir/test_mpi.c.o
/usr/local/gcc/7.2.0/bin/gcc   -fopenmp  -o CMakeFiles/cmTC_8d415.dir/test_mpi.c.o -c /usr/local/cmake/3.18.4/share/cmake-3.18/Modules/FindMPI/test_mpi.c
/usr/local/cmake/3.18.4/share/cmake-3.18/Modules/FindMPI/test_mpi.c:1:10: fatal error: mpi.h: No such file or directory
 #include <mpi.h>
          ^~~~~~~
compilation terminated.
gmake[1]: *** [CMakeFiles/cmTC_8d415.dir/test_mpi.c.o] Error 1
gmake[1]: Leaving directory `/home/jiaweid3/sortproject/build/CMakeFiles/CMakeTmp'
gmake: *** [cmTC_8d415/fast] Error 2



The MPI test test_mpi for CXX in mode normal failed to compile with the following output:
Change Dir: /home/jiaweid3/sortproject/build/CMakeFiles/CMakeTmp

Run Build Command(s):/usr/bin/gmake cmTC_7e520/fast && /usr/bin/gmake  -f CMakeFiles/cmTC_7e520.dir/build.make CMakeFiles/cmTC_7e520.dir/build
gmake[1]: Entering directory `/home/jiaweid3/sortproject/build/CMakeFiles/CMakeTmp'
Building CXX object CMakeFiles/cmTC_7e520.dir/test_mpi.cpp.o
/usr/local/gcc/7.2.0/bin/c++   -O3 -fopenmp  -o CMakeFiles/cmTC_7e520.dir/test_mpi.cpp.o -c /home/jiaweid3/sortproject/build/CMakeFiles/FindMPI/test_mpi.cpp
/home/jiaweid3/sortproject/build/CMakeFiles/FindMPI/test_mpi.cpp:1:10: fatal error: mpi.h: No such file or directory
 #include <mpi.h>
          ^~~~~~~
compilation terminated.
gmake[1]: *** [CMakeFiles/cmTC_7e520.dir/test_mpi.cpp.o] Error 1
gmake[1]: Leaving directory `/home/jiaweid3/sortproject/build/CMakeFiles/CMakeTmp'
gmake: *** [cmTC_7e520/fast] Error 2



The MPI test test_mpi for C in mode normal failed to compile with the following output:
Change Dir: /home/jiaweid3/sortproject/build/CMakeFiles/CMakeTmp

Run Build Command(s):/usr/bin/gmake cmTC_e45cd/fast && /usr/bin/gmake  -f CMakeFiles/cmTC_e45cd.dir/build.make CMakeFiles/cmTC_e45cd.dir/build
gmake[1]: Entering directory `/home/jiaweid3/sortproject/build/CMakeFiles/CMakeTmp'
Building C object CMakeFiles/cmTC_e45cd.dir/test_mpi.c.o
/usr/local/gcc/7.2.0/bin/gcc   -fopenmp  -o CMakeFiles/cmTC_e45cd.dir/test_mpi.c.o -c /usr/local/cmake/3.18.4/share/cmake-3.18/Modules/FindMPI/test_mpi.c
/usr/local/cmake/3.18.4/share/cmake-3.18/Modules/FindMPI/test_mpi.c:1:10: fatal error: mpi.h: No such file or directory
 #include <mpi.h>
          ^~~~~~~
compilation terminated.
gmake[1]: *** [CMakeFiles/cmTC_e45cd.dir/test_mpi.c.o] Error 1
gmake[1]: Leaving directory `/home/jiaweid3/sortproject/build/CMakeFiles/CMakeTmp'
gmake: *** [cmTC_e45cd/fast] Error 2



The MPI test test_mpi for CXX in mode normal failed to compile with the following output:
Change Dir: /home/jiaweid3/sortproject/build/CMakeFiles/CMakeTmp

Run Build Command(s):/usr/bin/gmake cmTC_c8df4/fast && /usr/bin/gmake  -f CMakeFiles/cmTC_c8df4.dir/build.make CMakeFiles/cmTC_c8df4.dir/build
gmake[1]: Entering directory `/home/jiaweid3/sortproject/build/CMakeFiles/CMakeTmp'
Building CXX object CMakeFiles/cmTC_c8df4.dir/test_mpi.cpp.o
/usr/local/gcc/7.2.0/bin/c++   -O3 -fopenmp  -o CMakeFiles/cmTC_c8df4.dir/test_mpi.cpp.o -c /home/jiaweid3/sortproject/build/CMakeFiles/FindMPI/test_mpi.cpp
/home/jiaweid3/sortproject/build/CMakeFiles/FindMPI/test_mpi.cpp:1:10: fatal error: mpi.h: No such file or directory
 #include <mpi.h>
          ^~~~~~~
compilation terminated.
gmake[1]: *** [CMakeFiles/cmTC_c8df4.dir/test_mpi.cpp.o] Error 1
gmake[1]: Leaving directory `/home/jiaweid3/sortproject/build/CMakeFiles/CMakeTmp'
gmake: *** [cmTC_c8df4/fast] Error 2



The MPI test test_mpi for C in mode normal failed to compile with the following output:
Change Dir: /home/jiaweid3/sortproject/build/CMakeFiles/CMakeTmp

Run Build Command(s):/usr/bin/gmake cmTC_dbf61/fast && /usr/bin/gmake  -f CMakeFiles/cmTC_dbf61.dir/build.make CMakeFiles/cmTC_dbf61.dir/build
gmake[1]: Entering directory `/home/jiaweid3/sortproject/build/CMakeFiles/CMakeTmp'
Building C object CMakeFiles/cmTC_dbf61.dir/test_mpi.c.o
/usr/local/gcc/7.2.0/bin/gcc   -fopenmp  -o CMakeFiles/cmTC_dbf61.dir/test_mpi.c.o -c /usr/local/cmake/3.18.4/share/cmake-3.18/Modules/FindMPI/test_mpi.c
/usr/local/cmake/3.18.4/share/cmake-3.18/Modules/FindMPI/test_mpi.c:1:10: fatal error: mpi.h: No such file or directory
 #include <mpi.h>
          ^~~~~~~
compilation terminated.
gmake[1]: *** [CMakeFiles/cmTC_dbf61.dir/test_mpi.c.o] Error 1
gmake[1]: Leaving directory `/home/jiaweid3/sortproject/build/CMakeFiles/CMakeTmp'
gmake: *** [cmTC_dbf61/fast] Error 2



The MPI test test_mpi for CXX in mode normal failed to compile with the following output:
Change Dir: /home/jiaweid3/sortproject/build/CMakeFiles/CMakeTmp

Run Build Command(s):/usr/bin/gmake cmTC_89682/fast && /usr/bin/gmake  -f CMakeFiles/cmTC_89682.dir/build.make CMakeFiles/cmTC_89682.dir/build
gmake[1]: Entering directory `/home/jiaweid3/sortproject/build/CMakeFiles/CMakeTmp'
Building CXX object CMakeFiles/cmTC_89682.dir/test_mpi.cpp.o
/usr/local/gcc/7.2.0/bin/c++   -O3 -fopenmp  -o CMakeFiles/cmTC_89682.dir/test_mpi.cpp.o -c /home/jiaweid3/sortproject/build/CMakeFiles/FindMPI/test_mpi.cpp
/home/jiaweid3/sortproject/build/CMakeFiles/FindMPI/test_mpi.cpp:1:10: fatal error: mpi.h: No such file or directory
 #include <mpi.h>
          ^~~~~~~
compilation terminated.
gmake[1]: *** [CMakeFiles/cmTC_89682.dir/test_mpi.cpp.o] Error 1
gmake[1]: Leaving directory `/home/jiaweid3/sortproject/build/CMakeFiles/CMakeTmp'
gmake: *** [cmTC_89682/fast] Error 2



